Arguments: 
  C:\Program Files\nodejs\node.exe C:\Users\OlgaL\AppData\Roaming\npm\node_modules\yarn\bin\yarn.js dev

PATH: 
  C:\Python311\Scripts\;C:\Python311\;C:\Program Files\Common Files\Oracle\Java\javapath;C:\Program Files\Common Files\Microsoft Shared\Microsoft Online Services;C:\Program Files (x86)\Common Files\Microsoft Shared\Microsoft Online Services;C:\WINDOWS\system32;C:\WINDOWS;C:\WINDOWS\System32\Wbem;C:\WINDOWS\System32\WindowsPowerShell\v1.0\;C:\WINDOWS\System32\OpenSSH\;C:\Program Files\Intel\WiFi\bin\;C:\Program Files\Common Files\Intel\WirelessCommon\;C:\Program Files\PuTTY\;C:\Program Files (x86)\NVIDIA Corporation\PhysX\Common;C:\ProgramData\chocolatey\bin;C:\Program Files\Novell\iPrint;C:\cygwin64\bin;C:\Program Files\NVIDIA Corporation\NVIDIA NvDLISR;C:\Program Files\dotnet\;C:\Program Files (x86)\Intel\Intel(R) Management Engine Components\DAL;C:\Program Files\Intel\Intel(R) Management Engine Components\DAL;C:\Program Files (x86)\Micro Focus\Dimensions 14.6\CM\prog;C:\Program Files (x86)\Micro Focus\Dimensions 14.6\CM\prog64\;C:\Program Files\Git\cmd;C:\Program Files\nodejs\;C:\Users\OlgaL\AppData\Local\Microsoft\WindowsApps;C:\Users\OlgaL\AppData\Local\Programs\Microsoft VS Code\bin;C:\ProgramData\OlgaL\GitHubDesktop\bin;C:\Users\OlgaL\AppData\Local\GitHubDesktop\bin;C:\Users\OlgaL\.dotnet\tools;C:\Users\OlgaL\AppData\Roaming\npm

Yarn version: 
  1.22.19

Node version: 
  18.17.1

Platform: 
  win32 x64

Trace: 
  SyntaxError: C:\Users\OlgaL\Documents\GitHub\NODA\package.json: Unexpected string in JSON at position 212
      at JSON.parse (<anonymous>)
      at C:\Users\OlgaL\AppData\Roaming\npm\node_modules\yarn\lib\cli.js:1629:59
      at Generator.next (<anonymous>)
      at step (C:\Users\OlgaL\AppData\Roaming\npm\node_modules\yarn\lib\cli.js:310:30)
      at C:\Users\OlgaL\AppData\Roaming\npm\node_modules\yarn\lib\cli.js:321:13

npm manifest: 
  {
    "name": "noda",
    "version": "1.0.0",
    "description": "",
    "main": "index.js",
    "scripts": {
      "test": "echo \"Error: no test specified\" && exit 1",
      "script": "node index",
      "dev": "nodemon"
      "dev": "nodemon"
    },
    "keywords": [],
    "author": "",
    "license": "ISC",
    "dependencies": {
      "express": "^4.18.2",
      "jest": "^29.7.0",
      "nodemon": "^3.0.1"
    }
  }

yarn manifest: 
  No manifest

Lockfile: 
  No lockfile
